<?xml version="1.0"?><coverage lines-covered="204" lines-valid="237" line-rate="0.8607594936708861" branches-covered="0" branches-valid="0" branch-rate="0" complexity="0" version="1.9" timestamp="1659095066"><sources><source>/home/magicyang/code/mpsc</source></sources><packages><package name="tests" line-rate="0.9545454545454546" branch-rate="0" complexity="0"><classes><class name="multithreads" filename="tests/multithreads.rs" line-rate="0.9459459459459459" branch-rate="0" complexity="0"><methods/><lines><line number="13" hits="1"/><line number="19" hits="0"/><line number="20" hits="0"/><line number="25" hits="3"/><line number="27" hits="2"/><line number="28" hits="1"/><line number="29" hits="1"/><line number="31" hits="2"/><line number="32" hits="2"/><line number="34" hits="1"/><line number="36" hits="3"/><line number="42" hits="2"/><line number="43" hits="2"/><line number="44" hits="1"/><line number="48" hits="1"/><line number="50" hits="3"/><line number="51" hits="2"/><line number="52" hits="1"/><line number="53" hits="2"/><line number="54" hits="3"/><line number="55" hits="76"/><line number="56" hits="2"/><line number="57" hits="1"/><line number="62" hits="2"/><line number="63" hits="1"/><line number="64" hits="2"/><line number="68" hits="2"/><line number="73" hits="3"/><line number="74" hits="2"/><line number="75" hits="1"/><line number="76" hits="1"/><line number="80" hits="3"/><line number="81" hits="2"/><line number="82" hits="1"/><line number="83" hits="1"/><line number="85" hits="3"/><line number="86" hits="1"/></lines></class><class name="singlethread" filename="tests/singlethread.rs" line-rate="0.9655172413793104" branch-rate="0" complexity="0"><methods/><lines><line number="7" hits="0"/><line number="18" hits="1"/><line number="19" hits="1"/><line number="24" hits="3"/><line number="25" hits="1"/><line number="26" hits="1"/><line number="27" hits="1"/><line number="28" hits="1"/><line number="31" hits="1"/><line number="34" hits="1"/><line number="41" hits="3"/><line number="42" hits="1"/><line number="43" hits="1"/><line number="44" hits="1"/><line number="46" hits="2"/><line number="47" hits="1"/><line number="48" hits="1"/><line number="50" hits="1"/><line number="51" hits="2"/><line number="52" hits="1"/><line number="54" hits="1"/><line number="55" hits="1"/><line number="56" hits="2"/><line number="57" hits="1"/><line number="58" hits="1"/><line number="59" hits="1"/><line number="63" hits="3"/><line number="64" hits="1"/><line number="65" hits="1"/></lines></class></classes></package><package name="src" line-rate="0.8245614035087719" branch-rate="0" complexity="0"><classes><class name="async_channel" filename="src/async_channel.rs" line-rate="1" branch-rate="0" complexity="0"><methods/><lines><line number="28" hits="2"/><line number="29" hits="2"/><line number="40" hits="2"/><line number="41" hits="2"/><line number="50" hits="1"/><line number="52" hits="1"/></lines></class><class name="key_filter" filename="src/key_filter.rs" line-rate="0.9295774647887324" branch-rate="0" complexity="0"><methods/><lines><line number="14" hits="3"/><line number="15" hits="6"/><line number="16" hits="6"/><line number="17" hits="9"/><line number="18" hits="0"/><line number="19" hits="0"/><line number="20" hits="0"/><line number="21" hits="7"/><line number="25" hits="14"/><line number="28" hits="4"/><line number="29" hits="8"/><line number="32" hits="3"/><line number="33" hits="3"/><line number="34" hits="6"/><line number="36" hits="6"/><line number="37" hits="6"/><line number="38" hits="0"/><line number="39" hits="9"/><line number="40" hits="0"/><line number="41" hits="3"/><line number="51" hits="7"/><line number="53" hits="7"/><line number="62" hits="4"/><line number="64" hits="4"/><line number="75" hits="2"/><line number="76" hits="2"/><line number="81" hits="3"/><line number="82" hits="1"/><line number="83" hits="1"/><line number="84" hits="3"/><line number="85" hits="1"/><line number="87" hits="2"/><line number="88" hits="2"/><line number="89" hits="2"/><line number="94" hits="3"/><line number="95" hits="1"/><line number="96" hits="1"/><line number="97" hits="3"/><line number="98" hits="1"/><line number="100" hits="2"/><line number="102" hits="2"/><line number="103" hits="1"/><line number="104" hits="3"/><line number="105" hits="1"/><line number="107" hits="2"/><line number="112" hits="3"/><line number="113" hits="1"/><line number="114" hits="1"/><line number="115" hits="3"/><line number="116" hits="1"/><line number="118" hits="2"/><line number="121" hits="2"/><line number="122" hits="1"/><line number="123" hits="1"/><line number="127" hits="2"/><line number="128" hits="2"/><line number="129" hits="1"/><line number="130" hits="3"/><line number="131" hits="1"/><line number="133" hits="2"/><line number="134" hits="1"/><line number="139" hits="3"/><line number="140" hits="1"/><line number="142" hits="1"/><line number="143" hits="3"/><line number="144" hits="1"/><line number="145" hits="10"/><line number="146" hits="27"/><line number="149" hits="4"/><line number="151" hits="3"/><line number="152" hits="2"/></lines></class><class name="lib" filename="src/lib.rs" line-rate="0.7386363636363636" branch-rate="0" complexity="0"><methods/><lines><line number="35" hits="0"/><line number="36" hits="0"/><line number="37" hits="0"/><line number="39" hits="0"/><line number="40" hits="0"/><line number="41" hits="0"/><line number="65" hits="5"/><line number="66" hits="5"/><line number="67" hits="10"/><line number="69" hits="5"/><line number="70" hits="5"/><line number="71" hits="5"/><line number="76" hits="2"/><line number="80" hits="2"/><line number="81" hits="4"/><line number="86" hits="2"/><line number="87" hits="2"/><line number="89" hits="4"/><line number="91" hits="2"/><line number="93" hits="2"/><line number="95" hits="0"/><line number="97" hits="4"/><line number="98" hits="0"/><line number="99" hits="0"/><line number="100" hits="2"/><line number="101" hits="2"/><line number="104" hits="0"/><line number="106" hits="0"/><line number="110" hits="2"/><line number="113" hits="2"/><line number="116" hits="2"/><line number="119" hits="2"/><line number="123" hits="2"/><line number="125" hits="0"/><line number="126" hits="2"/><line number="130" hits="2"/><line number="131" hits="1"/><line number="133" hits="4"/><line number="134" hits="0"/><line number="137" hits="2"/><line number="139" hits="2"/><line number="140" hits="0"/><line number="147" hits="2"/><line number="149" hits="4"/><line number="150" hits="2"/><line number="151" hits="1"/><line number="153" hits="0"/><line number="155" hits="2"/><line number="157" hits="0"/><line number="160" hits="2"/><line number="161" hits="2"/><line number="163" hits="2"/><line number="165" hits="0"/><line number="170" hits="1"/><line number="171" hits="1"/><line number="174" hits="1"/><line number="177" hits="1"/><line number="178" hits="2"/><line number="183" hits="1"/><line number="184" hits="1"/><line number="186" hits="2"/><line number="188" hits="1"/><line number="190" hits="1"/><line number="192" hits="0"/><line number="194" hits="2"/><line number="195" hits="0"/><line number="196" hits="0"/><line number="197" hits="1"/><line number="198" hits="1"/><line number="201" hits="0"/><line number="203" hits="0"/><line number="207" hits="1"/><line number="209" hits="1"/><line number="210" hits="1"/><line number="211" hits="1"/><line number="213" hits="1"/><line number="214" hits="1"/><line number="215" hits="1"/><line number="216" hits="0"/><line number="218" hits="2"/><line number="229" hits="1"/><line number="255" hits="5"/><line number="257" hits="5"/><line number="258" hits="10"/><line number="259" hits="5"/><line number="260" hits="5"/><line number="285" hits="2"/><line number="286" hits="2"/></lines></class><class name="sync_channel" filename="src/sync_channel.rs" line-rate="0.6666666666666666" branch-rate="0" complexity="0"><methods/><lines><line number="28" hits="1"/><line number="29" hits="1"/><line number="41" hits="1"/><line number="42" hits="1"/><line number="51" hits="0"/><line number="53" hits="0"/></lines></class></classes></package></packages></coverage>